SF:lib/src/domain/failures/quran_sessions_failure.dart
DA:30,4
DA:32,1
DA:33,1
DA:39,3
DA:43,0
DA:49,2
DA:53,1
DA:54,2
DA:58,0
DA:64,0
DA:68,0
DA:69,0
DA:73,0
DA:81,0
DA:82,0
DA:90,0
DA:94,0
DA:95,0
DA:101,0
DA:109,0
DA:113,0
DA:114,0
DA:120,0
DA:131,0
DA:132,0
DA:137,0
DA:142,0
DA:143,0
DA:148,0
DA:152,0
DA:153,0
DA:158,0
DA:168,0
DA:169,0
DA:175,0
DA:179,0
DA:180,0
DA:187,0
DA:195,0
DA:196,0
DA:202,0
DA:210,0
DA:211,0
DA:217,0
DA:228,0
DA:229,0
DA:235,0
DA:243,0
DA:249,0
DA:255,0
DA:262,4
DA:268,4
DA:275,4
DA:281,4
DA:289,0
DA:296,0
DA:301,0
DA:306,0
DA:311,0
DA:316,0
DA:321,0
DA:327,0
DA:333,0
DA:338,0
DA:342,0
DA:343,0
DA:349,0
DA:353,0
DA:354,0
DA:362,0
DA:367,0
DA:371,0
DA:372,0
DA:378,0
LF:74
LH:11
end_of_record
SF:lib/src/utils/dob_validator.dart
DA:26,12
DA:36,4
DA:40,1
DA:43,20
DA:57,4
DA:64,4
DA:65,16
DA:66,16
DA:68,4
DA:69,8
DA:71,4
DA:75,4
LF:12
LH:12
end_of_record
SF:lib/src/domain/entities/session_policy.dart
DA:26,3
DA:46,0
DA:47,0
DA:48,0
DA:49,0
DA:50,0
DA:61,3
DA:105,0
DA:111,0
DA:112,0
DA:113,0
DA:114,0
DA:115,0
DA:116,0
DA:121,0
DA:122,0
DA:123,0
DA:125,0
DA:126,0
DA:127,0
DA:133,0
DA:134,0
DA:135,0
DA:136,0
DA:137,0
DA:138,0
DA:139,0
DA:140,0
DA:141,0
DA:142,0
LF:30
LH:2
end_of_record
SF:lib/src/domain/entities/user_profile.dart
DA:39,3
DA:95,0
DA:96,0
DA:97,0
DA:98,0
DA:99,0
DA:102,0
DA:103,0
DA:104,0
DA:105,0
DA:106,0
DA:116,0
DA:117,0
DA:119,0
DA:120,0
DA:121,0
DA:124,0
DA:125,0
DA:127,0
DA:128,0
DA:129,0
DA:133,0
DA:135,3
DA:149,3
DA:150,3
DA:151,3
DA:152,3
DA:153,3
DA:154,0
DA:155,0
DA:156,1
DA:157,1
DA:158,1
DA:159,1
DA:160,1
DA:161,1
DA:162,3
DA:163,3
DA:166,1
DA:167,1
DA:168,1
DA:169,1
DA:170,1
DA:171,1
DA:172,1
DA:173,1
DA:174,1
DA:175,1
DA:176,1
DA:177,1
DA:178,1
DA:179,1
DA:180,1
DA:181,1
LF:54
LH:31
end_of_record
SF:lib/src/domain/usecases/complete_student_profile_usecase.dart
DA:10,2
DA:23,2
DA:34,4
DA:35,2
DA:36,1
DA:38,4
DA:40,2
DA:42,2
DA:44,1
DA:46,4
DA:47,4
DA:48,4
DA:49,2
DA:59,4
LF:14
LH:14
end_of_record
SF:lib/src/domain/entities/market_config.dart
DA:7,1
DA:39,1
DA:40,1
DA:41,1
DA:42,1
DA:43,1
DA:44,1
DA:45,1
DA:46,1
DA:47,1
DA:48,1
DA:59,1
DA:94,0
DA:95,0
DA:98,0
DA:99,0
DA:101,1
DA:102,1
DA:103,1
DA:104,1
DA:105,1
DA:106,1
DA:107,1
DA:108,1
DA:109,1
DA:110,1
DA:111,1
DA:116,0
DA:117,0
DA:118,0
LF:30
LH:23
end_of_record
SF:lib/src/domain/usecases/get_market_config_usecase.dart
DA:12,1
DA:16,0
DA:18,0
DA:21,1
DA:22,2
LF:5
LH:3
end_of_record
SF:lib/src/domain/usecases/get_session_policy_usecase.dart
DA:8,1
DA:12,1
DA:13,2
LF:3
LH:3
end_of_record
SF:lib/src/domain/usecases/get_user_profile_usecase.dart
DA:8,1
DA:12,1
DA:13,2
LF:3
LH:3
end_of_record
SF:lib/src/presentation/blocs/profile_completion/profile_completion_bloc.dart
DA:16,1
DA:25,1
DA:26,3
DA:27,3
DA:28,3
DA:29,3
DA:30,3
DA:31,3
DA:39,1
DA:43,1
DA:47,3
DA:48,2
DA:49,2
DA:54,1
DA:55,4
DA:58,1
DA:59,4
DA:62,1
DA:63,4
DA:67,2
DA:68,1
DA:69,0
DA:70,1
DA:72,2
DA:79,1
DA:81,0
DA:82,0
DA:83,0
DA:84,0
DA:87,4
DA:88,2
DA:89,1
DA:93,1
DA:94,1
DA:95,1
DA:97,1
DA:98,1
DA:99,1
DA:106,1
DA:110,1
DA:111,1
DA:112,3
DA:115,1
DA:119,1
DA:120,1
DA:121,1
DA:122,1
DA:123,1
DA:127,2
DA:130,1
DA:131,1
DA:132,1
DA:138,1
DA:142,1
DA:143,1
DA:145,1
DA:146,2
DA:150,1
DA:154,1
DA:155,1
DA:156,3
DA:159,1
DA:163,1
DA:164,1
DA:165,1
DA:167,1
DA:169,2
DA:170,1
DA:171,1
DA:172,1
DA:173,2
DA:174,2
DA:175,2
DA:176,2
DA:177,2
DA:178,2
DA:181,1
DA:182,3
DA:183,3
DA:189,0
DA:190,0
DA:191,0
LF:82
LH:74
end_of_record
SF:lib/src/presentation/blocs/profile_completion/profile_completion_event.dart
DA:7,1
DA:9,0
DA:10,0
DA:15,1
DA:19,0
DA:20,0
DA:25,1
DA:29,0
DA:30,0
DA:35,1
DA:39,0
DA:40,0
DA:45,1
DA:49,0
DA:50,0
DA:55,1
DA:59,0
DA:60,0
DA:65,1
DA:69,0
DA:70,0
LF:21
LH:7
end_of_record
SF:lib/src/presentation/blocs/profile_completion/profile_completion_state.dart
DA:8,3
DA:10,1
DA:11,1
DA:15,3
DA:19,3
DA:24,1
DA:63,0
DA:64,0
DA:66,1
DA:67,1
DA:68,1
DA:69,1
DA:70,1
DA:71,1
DA:73,1
DA:82,1
DA:83,1
DA:84,1
DA:85,1
DA:86,1
DA:89,1
DA:90,1
DA:91,1
DA:92,1
DA:95,1
DA:96,1
DA:97,1
DA:98,1
DA:99,1
DA:100,1
DA:101,1
DA:102,1
DA:103,1
DA:104,1
DA:109,3
DA:113,1
DA:117,1
DA:118,2
DA:122,1
DA:126,1
DA:127,2
LF:41
LH:39
end_of_record
SF:lib/src/domain/usecases/complete_teacher_profile_usecase.dart
DA:10,1
DA:19,1
DA:24,2
DA:25,1
DA:26,1
DA:28,2
DA:30,1
DA:32,1
DA:34,1
DA:36,2
DA:37,2
DA:38,2
DA:39,1
DA:40,2
LF:14
LH:14
end_of_record
