SF:lib/src/boundaries/call/agora_call_provider.dart
DA:9,1
DA:16,0
DA:17,0
DA:26,1
DA:28,2
DA:31,3
DA:35,2
DA:36,2
DA:39,2
DA:40,2
DA:41,1
DA:45,2
DA:49,2
DA:50,1
DA:51,2
DA:53,2
DA:54,1
DA:56,1
DA:57,1
DA:58,1
DA:59,2
DA:63,3
DA:65,1
DA:66,1
DA:67,1
DA:68,1
DA:69,1
DA:70,1
DA:71,2
DA:72,2
DA:73,1
DA:78,1
DA:83,1
DA:85,2
DA:88,1
DA:90,2
DA:93,1
DA:98,2
DA:102,1
LF:39
LH:37
end_of_record
SF:lib/src/boundaries/call/agora_rtc_join_gateway.dart
DA:8,1
DA:35,1
DA:44,0
DA:46,1
DA:48,1
DA:50,1
DA:51,2
DA:53,0
DA:55,1
DA:57,2
DA:62,0
LF:11
LH:8
end_of_record
SF:lib/src/boundaries/call/agora_rtc_engine_pool.dart
DA:5,3
DA:10,9
DA:12,3
DA:13,6
DA:16,2
DA:17,4
DA:21,2
DA:25,1
DA:26,3
DA:27,2
DA:28,1
LF:11
LH:11
end_of_record
SF:lib/src/boundaries/call/agora_rtc_session_handle.dart
DA:15,2
DA:19,1
DA:21,2
DA:22,2
DA:25,1
DA:27,2
DA:30,1
DA:31,1
LF:8
LH:8
end_of_record
SF:lib/src/boundaries/call/rtc_permission_gate.dart
DA:6,5
DA:8,1
DA:9,1
DA:10,1
DA:16,1
DA:17,1
LF:6
LH:6
end_of_record
SF:lib/src/boundaries/call/web_rtc_call_provider.dart
DA:8,1
DA:16,1
DA:18,2
DA:21,3
DA:27,1
DA:32,1
DA:35,1
DA:38,1
LF:8
LH:8
end_of_record
SF:lib/src/presentation/agora_call_surface.dart
DA:17,1
DA:30,1
DA:31,1
DA:42,1
DA:44,1
DA:45,4
DA:48,1
DA:50,1
DA:51,4
DA:52,2
DA:53,1
DA:54,1
DA:55,1
DA:56,1
DA:57,1
DA:58,1
DA:62,1
DA:64,1
DA:65,1
DA:68,1
DA:69,6
DA:71,1
DA:72,1
DA:77,2
DA:78,1
DA:79,1
DA:80,2
DA:81,2
DA:82,1
DA:85,1
DA:86,1
DA:87,2
DA:88,1
DA:89,2
DA:90,1
DA:91,1
DA:94,1
DA:95,3
DA:96,2
DA:97,1
DA:98,1
DA:99,1
DA:103,1
DA:104,3
DA:105,2
DA:106,2
DA:109,1
DA:110,1
DA:111,2
DA:112,2
DA:116,2
DA:119,1
DA:121,6
DA:122,1
DA:124,1
DA:126,1
DA:129,1
DA:131,1
DA:132,2
DA:133,2
DA:136,1
DA:138,3
DA:143,1
DA:145,1
DA:146,4
DA:147,2
DA:148,1
DA:149,1
DA:150,2
DA:151,1
DA:152,1
DA:153,2
DA:154,2
DA:156,1
DA:157,1
DA:158,1
DA:159,1
DA:160,1
DA:161,2
DA:163,2
DA:164,4
DA:175,1
DA:180,1
DA:182,2
DA:183,2
DA:185,1
DA:186,3
DA:187,1
DA:189,2
DA:191,1
DA:193,2
DA:197,1
DA:199,1
DA:200,1
DA:201,1
DA:202,1
DA:204,1
DA:205,1
DA:206,2
DA:208,1
DA:210,1
DA:211,2
DA:212,2
DA:213,1
DA:214,1
DA:216,4
DA:217,1
DA:229,1
DA:247,1
DA:249,2
DA:250,2
DA:252,4
DA:253,1
DA:254,1
DA:256,1
DA:257,3
DA:258,1
DA:260,0
DA:262,1
DA:264,2
DA:266,2
DA:269,1
DA:271,1
DA:273,1
DA:274,1
DA:275,1
DA:276,2
DA:277,2
DA:281,1
DA:284,2
DA:287,1
DA:288,1
DA:289,1
DA:290,1
DA:293,1
DA:294,1
DA:295,2
DA:296,2
DA:297,1
DA:298,1
DA:299,2
DA:305,1
DA:306,2
DA:307,1
DA:308,1
DA:309,1
DA:324,1
DA:335,1
DA:337,2
DA:338,2
DA:340,1
DA:341,1
DA:342,2
DA:343,1
DA:345,1
DA:346,1
DA:347,1
DA:349,1
DA:351,1
DA:352,1
DA:353,1
DA:355,1
DA:358,2
DA:359,1
DA:360,1
DA:361,3
DA:371,1
DA:372,1
DA:374,1
DA:375,1
DA:378,1
DA:380,1
DA:381,1
DA:382,1
DA:383,1
DA:384,1
DA:389,1
DA:391,1
DA:392,1
DA:393,1
DA:394,1
DA:399,1
DA:404,1
DA:406,2
DA:407,2
DA:409,1
DA:411,1
DA:412,1
DA:413,1
DA:415,1
DA:416,1
DA:418,1
DA:419,1
DA:422,1
DA:425,2
DA:426,1
DA:427,2
DA:428,3
DA:431,2
DA:432,1
DA:433,1
DA:434,3
DA:435,1
DA:436,2
DA:437,1
DA:438,2
DA:440,4
DA:441,1
DA:448,2
DA:449,1
DA:456,5
DA:458,1
DA:459,1
DA:466,1
DA:468,1
DA:469,2
DA:472,1
DA:475,1
DA:477,2
DA:478,1
DA:481,1
DA:483,2
DA:484,2
DA:486,1
DA:488,1
DA:489,2
DA:490,1
DA:491,1
DA:492,1
DA:493,1
DA:495,2
DA:497,8
DA:498,1
DA:501,1
DA:502,2
DA:504,1
DA:505,2
DA:506,4
DA:508,2
DA:521,1
DA:531,1
DA:533,2
DA:534,2
DA:536,1
DA:537,1
DA:539,1
DA:540,1
DA:541,1
DA:543,0
DA:544,2
DA:545,1
DA:546,1
DA:547,3
DA:557,1
DA:564,1
DA:568,1
LF:256
LH:254
end_of_record
SF:lib/src/presentation/agora_call_surface_labels.dart
DA:3,2
LF:1
LH:1
end_of_record
