SF:lib/src/boundaries/call/rtc_permission_gate.dart
DA:6,1
DA:8,0
DA:9,0
DA:10,0
DA:16,0
DA:17,0
LF:6
LH:1
end_of_record
SF:lib/src/boundaries/call/agora_rtc_join_gateway.dart
DA:9,1
DA:36,1
DA:45,0
DA:47,1
DA:49,1
DA:51,1
DA:52,2
DA:54,0
DA:56,1
DA:57,1
DA:58,2
DA:61,0
DA:62,0
DA:66,0
DA:94,1
DA:96,1
DA:99,1
DA:100,1
DA:101,1
DA:102,0
DA:103,0
DA:104,0
DA:105,0
DA:108,1
LF:24
LH:15
end_of_record
SF:lib/src/boundaries/call/agora_rtc_session_handle.dart
DA:21,1
DA:25,0
DA:27,0
DA:28,0
DA:31,0
DA:33,0
DA:36,0
DA:38,0
DA:41,0
DA:43,0
DA:46,0
DA:48,0
DA:51,0
DA:52,0
LF:14
LH:1
end_of_record
SF:lib/src/boundaries/call/agora_call_provider.dart
DA:9,1
DA:16,0
DA:17,0
DA:28,1
DA:30,2
DA:33,3
DA:37,1
DA:38,2
DA:43,1
DA:44,2
DA:48,2
DA:52,1
DA:53,2
DA:54,2
DA:58,3
DA:60,2
DA:61,2
DA:62,1
DA:66,2
DA:70,2
DA:71,1
DA:72,2
DA:74,2
DA:75,1
DA:77,1
DA:78,1
DA:79,1
DA:80,2
DA:84,3
DA:86,1
DA:87,1
DA:88,1
DA:89,1
DA:90,1
DA:91,1
DA:92,2
DA:93,2
DA:94,1
DA:99,1
DA:104,1
DA:106,2
DA:109,1
DA:111,2
DA:114,1
DA:119,2
DA:123,1
DA:126,0
DA:131,0
DA:133,1
DA:138,2
DA:142,1
DA:145,1
DA:147,2
DA:151,1
DA:154,1
DA:159,2
DA:163,1
LF:57
LH:53
end_of_record
SF:lib/src/boundaries/call/agora_rtc_engine_pool.dart
DA:5,1
DA:10,3
DA:12,1
DA:13,2
DA:16,1
DA:17,2
DA:21,1
DA:25,0
DA:26,0
DA:27,0
DA:28,0
LF:11
LH:7
end_of_record
SF:lib/src/boundaries/call/web_rtc_call_provider.dart
DA:8,0
DA:16,0
DA:18,0
DA:21,0
DA:27,0
DA:32,0
DA:35,0
DA:38,0
DA:44,0
DA:50,0
DA:56,0
DA:59,0
LF:12
LH:0
end_of_record
SF:lib/src/presentation/agora_call_surface.dart
DA:17,0
DA:30,0
DA:31,0
DA:42,0
DA:44,0
DA:45,0
DA:48,0
DA:50,0
DA:51,0
DA:52,0
DA:53,0
DA:54,0
DA:55,0
DA:56,0
DA:57,0
DA:58,0
DA:59,0
DA:63,0
DA:65,0
DA:66,0
DA:69,0
DA:70,0
DA:72,0
DA:73,0
DA:78,0
DA:79,0
DA:80,0
DA:81,0
DA:82,0
DA:83,0
DA:85,0
DA:87,0
DA:88,0
DA:89,0
DA:90,0
DA:91,0
DA:92,0
DA:93,0
DA:95,0
DA:97,0
DA:98,0
DA:99,0
DA:100,0
DA:101,0
DA:102,0
DA:104,0
DA:107,0
DA:108,0
DA:109,0
DA:110,0
DA:113,0
DA:114,0
DA:115,0
DA:116,0
DA:120,0
DA:121,0
DA:124,0
DA:125,0
DA:129,0
DA:130,0
DA:132,0
DA:134,0
DA:139,0
DA:140,0
DA:141,0
DA:142,0
DA:143,0
DA:145,0
DA:147,0
DA:150,0
DA:152,0
DA:155,0
DA:156,0
DA:157,0
DA:160,0
DA:161,0
DA:163,0
DA:169,0
DA:170,0
DA:171,0
DA:172,0
DA:173,0
DA:175,0
DA:176,0
DA:177,0
DA:178,0
DA:179,0
DA:180,0
DA:182,0
DA:183,0
DA:191,0
DA:209,0
DA:211,0
DA:212,0
DA:214,0
DA:215,0
DA:216,0
DA:217,0
DA:218,0
DA:220,0
DA:221,0
DA:222,0
DA:224,0
DA:226,0
DA:228,0
DA:230,0
DA:233,0
DA:235,0
DA:237,0
DA:238,0
DA:239,0
DA:240,0
DA:241,0
DA:245,0
DA:248,0
DA:251,0
DA:252,0
DA:253,0
DA:254,0
DA:257,0
DA:258,0
DA:259,0
DA:260,0
DA:261,0
DA:262,0
DA:263,0
DA:264,0
DA:266,0
DA:267,0
DA:271,0
DA:272,0
DA:273,0
DA:274,0
DA:275,0
DA:290,0
DA:301,0
DA:303,0
DA:304,0
DA:306,0
DA:307,0
DA:309,0
DA:310,0
DA:311,0
DA:312,0
DA:314,0
DA:315,0
DA:316,0
DA:318,0
DA:320,0
DA:321,0
DA:322,0
DA:324,0
DA:327,0
DA:328,0
DA:329,0
DA:330,0
DA:340,0
DA:341,0
DA:343,0
DA:344,0
DA:347,0
DA:349,0
DA:350,0
DA:351,0
DA:352,0
DA:353,0
DA:358,0
DA:360,0
DA:361,0
DA:362,0
DA:363,0
DA:368,0
DA:373,0
DA:375,0
DA:376,0
DA:378,0
DA:379,0
DA:381,0
DA:383,0
DA:384,0
DA:385,0
DA:387,0
DA:388,0
DA:390,0
DA:391,0
DA:394,0
DA:397,0
DA:398,0
DA:399,0
DA:400,0
DA:403,0
DA:404,0
DA:405,0
DA:406,0
DA:407,0
DA:408,0
DA:409,0
DA:410,0
DA:412,0
DA:413,0
DA:420,0
DA:421,0
DA:428,1
DA:430,0
DA:431,0
DA:439,0
DA:441,0
DA:442,0
DA:445,0
DA:447,0
DA:448,0
DA:451,0
DA:452,0
DA:453,0
DA:456,0
DA:458,0
DA:459,0
DA:462,0
DA:464,0
DA:465,0
DA:467,0
DA:469,0
DA:470,0
DA:471,0
DA:472,0
DA:473,0
DA:474,0
DA:476,0
DA:477,0
DA:478,0
DA:480,0
DA:481,0
DA:482,0
DA:483,0
DA:484,0
DA:485,0
DA:488,0
DA:489,0
DA:491,0
DA:492,0
DA:493,0
DA:495,0
DA:508,0
DA:518,0
DA:520,0
DA:521,0
DA:523,0
DA:524,0
DA:526,0
DA:527,0
DA:528,0
DA:530,0
DA:531,0
DA:532,0
DA:533,0
DA:535,0
DA:536,0
DA:537,0
DA:538,0
DA:548,0
DA:555,0
DA:559,0
LF:262
LH:1
end_of_record
SF:lib/src/presentation/agora_call_surface_labels.dart
DA:3,0
LF:1
LH:0
end_of_record
