SF:lib/features/playlists/domain/entities/playlist.dart
DA:5,1
DA:17,0
DA:18,0
DA:19,0
DA:20,0
DA:21,0
DA:22,0
DA:23,0
DA:24,0
DA:25,0
DA:26,0
DA:27,0
DA:28,0
DA:29,0
DA:43,0
DA:44,0
DA:45,0
DA:46,0
DA:47,0
DA:48,0
DA:49,0
DA:50,0
DA:51,0
DA:52,0
DA:53,0
DA:56,1
DA:67,1
DA:68,1
DA:69,1
DA:70,1
DA:71,1
DA:72,1
DA:73,1
DA:74,1
DA:75,1
DA:76,1
DA:80,0
DA:81,0
DA:82,0
DA:83,0
DA:84,0
DA:85,0
DA:86,0
DA:87,0
DA:88,0
DA:89,0
DA:90,0
DA:95,1
DA:96,5
DA:100,3
DA:103,0
DA:106,0
DA:109,0
DA:110,0
DA:115,1
DA:129,0
DA:130,0
DA:131,0
DA:132,0
DA:133,0
DA:134,0
DA:135,0
DA:136,0
DA:137,0
DA:138,0
DA:140,0
DA:141,0
DA:142,0
DA:143,0
DA:148,0
DA:149,0
DA:150,0
DA:151,0
DA:152,0
DA:153,0
DA:154,0
DA:155,0
DA:156,0
DA:157,0
DA:158,0
DA:159,0
DA:160,0
DA:176,0
DA:177,0
DA:178,0
DA:179,0
DA:180,0
DA:181,0
DA:182,0
DA:183,0
DA:184,0
DA:185,0
DA:186,0
DA:187,0
DA:188,0
DA:191,0
DA:204,0
DA:205,0
DA:206,0
DA:207,0
DA:208,0
DA:209,0
DA:210,0
DA:211,0
DA:212,0
DA:213,0
DA:214,0
DA:215,0
DA:219,0
DA:220,0
DA:221,0
DA:222,0
DA:223,0
DA:224,0
DA:225,0
DA:226,0
DA:227,0
DA:228,0
DA:229,0
DA:230,0
DA:231,0
DA:236,0
DA:237,0
DA:238,0
DA:239,0
DA:240,0
DA:241,0
DA:242,0
DA:243,0
DA:244,0
DA:245,0
DA:246,0
DA:247,0
DA:248,0
LF:134
LH:16
end_of_record
SF:lib/features/playlists/presentation/widgets/playlist_card.dart
DA:8,1
DA:25,1
DA:27,1
DA:28,1
DA:30,1
DA:32,1
DA:33,1
DA:34,1
DA:35,1
DA:37,1
DA:39,1
DA:40,1
DA:41,1
DA:42,1
DA:43,1
DA:45,1
DA:46,1
DA:47,2
DA:48,3
DA:55,1
DA:56,2
DA:57,3
DA:58,2
DA:66,1
DA:67,1
DA:69,1
DA:70,2
DA:71,1
DA:72,2
DA:73,1
DA:74,2
DA:75,1
DA:76,2
DA:79,2
DA:80,1
DA:82,1
DA:83,1
DA:86,3
DA:90,1
DA:92,1
DA:93,1
DA:96,3
DA:100,1
DA:102,1
DA:103,1
DA:104,1
DA:105,2
DA:108,2
DA:111,1
DA:112,1
DA:113,2
DA:114,1
DA:115,1
DA:122,1
DA:124,1
DA:125,1
DA:128,1
DA:129,1
DA:130,1
DA:142,1
DA:143,1
DA:144,1
DA:147,2
DA:150,1
DA:151,4
DA:152,3
DA:153,2
DA:157,1
DA:160,2
DA:163,1
DA:164,3
DA:165,3
DA:166,2
DA:170,2
DA:171,1
DA:176,1
DA:177,2
DA:178,1
DA:180,1
DA:181,1
DA:182,3
DA:183,2
DA:196,1
DA:197,1
DA:198,2
DA:199,2
DA:201,1
DA:202,7
DA:204,5
LF:89
LH:89
end_of_record
SF:lib/l10n/generated/app_localizations.dart
DA:65,1
DA:66,2
DA:70,0
DA:71,0
DA:1262,1
DA:1264,1
DA:1266,2
DA:1269,1
DA:1271,3
DA:1273,1
DA:1277,1
DA:1279,1
DA:1280,1
DA:1281,0
DA:1282,1
DA:1283,1
DA:1286,0
LF:17
LH:13
end_of_record
SF:lib/core/extensions.dart
DA:6,1
DA:7,1
LF:2
LH:2
end_of_record
SF:lib/l10n/generated/app_localizations_ar.dart
DA:9,0
DA:11,0
DA:14,0
DA:17,0
DA:20,0
DA:23,0
DA:26,0
DA:29,0
DA:32,0
DA:35,0
DA:38,0
DA:41,0
DA:44,0
DA:47,0
DA:50,0
DA:53,0
DA:56,0
DA:59,0
DA:62,0
DA:65,0
DA:68,0
DA:71,0
DA:74,0
DA:77,0
DA:80,0
DA:83,0
DA:86,0
DA:89,0
DA:92,0
DA:96,0
DA:99,0
DA:102,0
DA:105,0
DA:108,0
DA:111,0
DA:114,0
DA:117,0
DA:120,0
DA:123,0
DA:126,0
DA:129,0
DA:132,0
DA:135,0
DA:138,0
DA:141,0
DA:144,0
DA:147,0
DA:150,0
DA:153,0
DA:156,0
DA:159,0
DA:162,0
DA:165,0
DA:168,0
DA:171,0
DA:174,0
DA:177,0
DA:180,0
DA:183,0
DA:186,0
DA:189,0
DA:192,0
DA:195,0
DA:198,0
DA:201,0
DA:204,0
DA:207,0
DA:210,0
DA:213,0
DA:216,0
DA:219,0
DA:222,0
DA:225,0
DA:228,0
DA:231,0
DA:234,0
DA:237,0
DA:241,0
DA:244,0
DA:247,0
DA:250,0
DA:253,0
DA:256,0
DA:259,0
DA:262,0
DA:265,0
DA:268,0
DA:271,0
DA:274,0
DA:277,0
DA:280,0
DA:283,0
DA:286,0
DA:289,0
DA:292,0
DA:295,0
DA:298,0
DA:301,0
DA:304,0
DA:307,0
DA:310,0
DA:313,0
DA:316,0
DA:319,0
DA:322,0
DA:325,0
DA:328,0
DA:331,0
DA:335,0
DA:338,0
DA:341,0
DA:344,0
DA:347,0
DA:349,0
DA:352,0
DA:355,0
DA:357,0
DA:360,0
DA:362,0
DA:365,0
DA:368,0
DA:371,0
DA:374,0
DA:377,0
DA:380,0
DA:383,0
DA:387,0
DA:391,0
DA:394,0
DA:396,0
DA:399,0
DA:401,0
DA:404,0
DA:407,0
DA:411,0
DA:414,0
DA:417,0
DA:420,0
DA:424,0
DA:427,0
DA:430,0
DA:433,0
DA:435,0
DA:438,0
DA:441,0
DA:444,0
DA:447,0
DA:450,0
DA:453,0
DA:456,0
DA:459,0
DA:462,0
DA:465,0
DA:468,0
DA:471,0
DA:474,0
DA:477,0
DA:479,0
DA:482,0
DA:485,0
DA:488,0
DA:491,0
DA:494,0
DA:496,0
DA:499,0
DA:502,0
DA:505,0
DA:507,0
DA:510,0
DA:512,0
DA:515,0
DA:518,0
DA:521,0
DA:524,0
DA:528,0
DA:531,0
DA:534,0
DA:536,0
DA:539,0
DA:541,0
DA:544,0
DA:547,0
DA:550,0
DA:552,0
DA:555,0
DA:558,0
DA:561,0
DA:564,0
DA:567,0
DA:570,0
DA:573,0
DA:576,0
DA:580,0
DA:583,0
DA:587,0
DA:590,0
DA:593,0
DA:596,0
DA:599,0
DA:602,0
DA:605,0
DA:608,0
DA:612,0
DA:615,0
DA:619,0
DA:622,0
DA:626,0
LF:207
LH:0
end_of_record
SF:lib/l10n/generated/app_localizations_en.dart
DA:9,2
DA:11,0
DA:14,0
DA:17,0
DA:20,0
DA:23,0
DA:26,0
DA:29,0
DA:32,0
DA:35,0
DA:38,0
DA:41,0
DA:44,0
DA:47,0
DA:50,0
DA:53,0
DA:56,0
DA:59,0
DA:62,0
DA:65,0
DA:68,0
DA:71,0
DA:74,0
DA:77,0
DA:80,0
DA:83,0
DA:86,0
DA:89,0
DA:92,0
DA:96,0
DA:99,0
DA:102,0
DA:105,0
DA:108,0
DA:111,0
DA:114,0
DA:117,0
DA:120,0
DA:123,0
DA:126,0
DA:129,0
DA:132,0
DA:135,0
DA:138,0
DA:141,0
DA:144,0
DA:147,0
DA:150,0
DA:153,0
DA:156,0
DA:159,0
DA:162,0
DA:165,0
DA:168,0
DA:171,0
DA:174,0
DA:177,0
DA:180,0
DA:183,0
DA:186,0
DA:189,0
DA:192,0
DA:195,0
DA:198,0
DA:201,0
DA:204,0
DA:207,0
DA:210,0
DA:213,0
DA:216,0
DA:219,1
DA:222,0
DA:225,0
DA:228,0
DA:231,0
DA:234,1
DA:237,0
DA:241,0
DA:244,0
DA:247,0
DA:250,0
DA:253,1
DA:256,0
DA:259,1
DA:262,0
DA:265,1
DA:268,0
DA:271,0
DA:274,0
DA:277,0
DA:280,0
DA:283,0
DA:286,0
DA:289,0
DA:292,0
DA:295,0
DA:298,0
DA:301,0
DA:304,1
DA:307,0
DA:310,0
DA:313,0
DA:316,0
DA:319,0
DA:322,0
DA:325,0
DA:328,0
DA:331,0
DA:335,0
DA:338,0
DA:341,0
DA:344,0
DA:347,0
DA:349,0
DA:352,0
DA:355,0
DA:357,0
DA:360,0
DA:362,0
DA:365,0
DA:368,0
DA:371,0
DA:374,0
DA:378,0
DA:381,0
DA:384,0
DA:388,0
DA:392,0
DA:395,0
DA:397,0
DA:400,0
DA:402,0
DA:405,1
DA:408,0
DA:412,0
DA:415,0
DA:418,0
DA:422,0
DA:425,0
DA:429,0
DA:432,0
DA:435,0
DA:437,0
DA:440,0
DA:443,0
DA:446,0
DA:449,0
DA:452,0
DA:455,0
DA:458,0
DA:461,0
DA:464,0
DA:467,0
DA:470,0
DA:473,0
DA:476,0
DA:479,0
DA:481,0
DA:484,0
DA:487,0
DA:490,0
DA:493,0
DA:496,0
DA:498,0
DA:501,0
DA:504,0
DA:507,0
DA:509,0
DA:512,0
DA:514,0
DA:517,0
DA:520,0
DA:523,0
DA:526,0
DA:530,0
DA:533,0
DA:536,0
DA:538,0
DA:541,0
DA:543,0
DA:546,0
DA:549,0
DA:553,0
DA:555,0
DA:558,0
DA:561,0
DA:564,0
DA:567,0
DA:570,0
DA:573,0
DA:576,0
DA:579,0
DA:583,0
DA:586,0
DA:590,0
DA:593,0
DA:596,0
DA:599,0
DA:602,0
DA:605,0
DA:608,0
DA:612,0
DA:616,0
DA:620,0
DA:624,0
DA:628,0
DA:632,0
LF:207
LH:8
end_of_record
